[2026-06-18T13:35:01.189Z] INFO: Self-healed: deleted broken nested mysql2 at startup.
[2026-06-18T18:28:30.654Z] INFO: Self-healed: deleted broken nested mysql2 at startup.
[2026-06-18T22:08:50.258Z] uncaughtException: Error: Connection terminated unexpectedly
    at Connection.<anonymous> (C:\HMS_DEMO\node_modules\pg\lib\client.js:180:73)
    at Object.onceWrapper (node:events:621:28)
    at Connection.emit (node:events:507:28)
    at Socket.<anonymous> (C:\HMS_DEMO\node_modules\pg\lib\connection.js:61:12)
    at Socket.emit (node:events:519:35)
    at TCP.<anonymous> (node:net:351:12)
[2026-06-18T22:08:50.266Z] uncaughtException: Error: Connection terminated unexpectedly
    at Connection.<anonymous> (C:\HMS_DEMO\node_modules\pg\lib\client.js:180:73)
    at Object.onceWrapper (node:events:621:28)
    at Connection.emit (node:events:507:28)
    at Socket.<anonymous> (C:\HMS_DEMO\node_modules\pg\lib\connection.js:61:12)
    at Socket.emit (node:events:519:35)
    at TCP.<anonymous> (node:net:351:12)
[2026-06-18T22:08:50.279Z] uncaughtException: Error: Connection terminated unexpectedly
    at Connection.<anonymous> (C:\HMS_DEMO\node_modules\pg\lib\client.js:180:73)
    at Object.onceWrapper (node:events:621:28)
    at Connection.emit (node:events:507:28)
    at Socket.<anonymous> (C:\HMS_DEMO\node_modules\pg\lib\connection.js:61:12)
    at Socket.emit (node:events:519:35)
    at TCP.<anonymous> (node:net:351:12)
[2026-06-18T22:08:50.280Z] uncaughtException: Error: Connection terminated unexpectedly
    at Connection.<anonymous> (C:\HMS_DEMO\node_modules\pg\lib\client.js:180:73)
    at Object.onceWrapper (node:events:621:28)
    at Connection.emit (node:events:507:28)
    at Socket.<anonymous> (C:\HMS_DEMO\node_modules\pg\lib\connection.js:61:12)
    at Socket.emit (node:events:519:35)
    at TCP.<anonymous> (node:net:351:12)
[2026-06-18T22:08:50.281Z] uncaughtException: Error: Connection terminated unexpectedly
    at Connection.<anonymous> (C:\HMS_DEMO\node_modules\pg\lib\client.js:180:73)
    at Object.onceWrapper (node:events:621:28)
    at Connection.emit (node:events:507:28)
    at Socket.<anonymous> (C:\HMS_DEMO\node_modules\pg\lib\connection.js:61:12)
    at Socket.emit (node:events:519:35)
    at TCP.<anonymous> (node:net:351:12)
[2026-06-18T22:08:50.282Z] uncaughtException: Error: Connection terminated unexpectedly
    at Connection.<anonymous> (C:\HMS_DEMO\node_modules\pg\lib\client.js:180:73)
    at Object.onceWrapper (node:events:621:28)
    at Connection.emit (node:events:507:28)
    at Socket.<anonymous> (C:\HMS_DEMO\node_modules\pg\lib\connection.js:61:12)
    at Socket.emit (node:events:519:35)
    at TCP.<anonymous> (node:net:351:12)
[2026-06-18T22:08:50.283Z] uncaughtException: Error: Connection terminated unexpectedly
    at Connection.<anonymous> (C:\HMS_DEMO\node_modules\pg\lib\client.js:180:73)
    at Object.onceWrapper (node:events:621:28)
    at Connection.emit (node:events:507:28)
    at Socket.<anonymous> (C:\HMS_DEMO\node_modules\pg\lib\connection.js:61:12)
    at Socket.emit (node:events:519:35)
    at TCP.<anonymous> (node:net:351:12)
[2026-06-18T22:08:50.284Z] uncaughtException: Error: Connection terminated unexpectedly
    at Connection.<anonymous> (C:\HMS_DEMO\node_modules\pg\lib\client.js:180:73)
    at Object.onceWrapper (node:events:621:28)
    at Connection.emit (node:events:507:28)
    at Socket.<anonymous> (C:\HMS_DEMO\node_modules\pg\lib\connection.js:61:12)
    at Socket.emit (node:events:519:35)
    at TCP.<anonymous> (node:net:351:12)
[2026-06-18T22:08:50.285Z] uncaughtException: Error: Connection terminated unexpectedly
    at Connection.<anonymous> (C:\HMS_DEMO\node_modules\pg\lib\client.js:180:73)
    at Object.onceWrapper (node:events:621:28)
    at Connection.emit (node:events:507:28)
    at Socket.<anonymous> (C:\HMS_DEMO\node_modules\pg\lib\connection.js:61:12)
    at Socket.emit (node:events:519:35)
    at TCP.<anonymous> (node:net:351:12)
[2026-06-18T22:08:50.286Z] uncaughtException: Error: Connection terminated unexpectedly
    at Connection.<anonymous> (C:\HMS_DEMO\node_modules\pg\lib\client.js:180:73)
    at Object.onceWrapper (node:events:621:28)
    at Connection.emit (node:events:507:28)
    at Socket.<anonymous> (C:\HMS_DEMO\node_modules\pg\lib\connection.js:61:12)
    at Socket.emit (node:events:519:35)
    at TCP.<anonymous> (node:net:351:12)
[2026-06-23T07:38:54.976Z] INFO: Self-healed: deleted broken nested mysql2 at startup.
[2026-06-26T17:01:09.456Z] unhandledRejection: Error: Access denied for user 'root'@'localhost' (using password: NO)
    at PromisePool.catalogAwareQuery [as query] (C:\HMS_DEMO\app.js:565:24)
    at C:\HMS_DEMO\node_modules\express-mysql-session\index.js:384:30
    at new Promise (<anonymous>)
    at MySQLStore.query (C:\HMS_DEMO\node_modules\express-mysql-session\index.js:381:10)
    at C:\HMS_DEMO\node_modules\express-mysql-session\index.js:372:16
